#
# A fatal error has been detected by the Java Runtime Environment:
#
#  Internal Error (javaClasses.cpp:136), pid=1184, tid=1008
#  fatal error: Invalid layout of preloaded class
#
# JRE version:  (7.0_60-b19) (build )
# Java VM: Java HotSpot(TM) Client VM (24.60-b09 mixed mode windows-x86 )
# Failed to write core dump. Minidumps are not enabled by default on client versions of Windows
#
# If you would like to submit a bug report, please visit:
#   http://bugreport.sun.com/bugreport/crash.jsp
#

---------------  T H R E A D  ---------------

Current thread (0x0039cc00):  JavaThread "Unknown thread" [_thread_in_vm, id=1008, stack(0x004e0000,0x00530000)]

Stack: [0x004e0000,0x00530000],  sp=0x0052f688,  free space=317k
Native frames: (J=compiled Java code, j=interpreted, Vv=VM code, C=native code)
V  [jvm.dll+0x190231]
V  [jvm.dll+0x189ec6]
V  [jvm.dll+0x35aba]
V  [jvm.dll+0x35b46]
V  [jvm.dll+0x4438d]
V  [jvm.dll+0x4463e]
V  [jvm.dll+0x92d3a]
V  [jvm.dll+0x930eb]
V  [jvm.dll+0x13f7c1]
V  [jvm.dll+0x1624ac]
V  [jvm.dll+0xc9b3f]
C  [javaw.exe+0x13ce]
C  [javaw.exe+0x1e40]
C  [javaw.exe+0xa5e1]
C  [javaw.exe+0xa66b]
C  [kernel32.dll+0x4ee1c]
C  [ntdll.dll+0x637eb]
C  [ntdll.dll+0x637be]


---------------  P R O C E S S  ---------------

Java Threads: ( => current thread )

Other Threads:

=>0x0039cc00 (exited) JavaThread "Unknown thread" [_thread_in_vm, id=1008, stack(0x004e0000,0x00530000)]

VM state:not at safepoint (not fully initialized)

VM Mutex/Monitor currently owned by a thread: None

GC Heap History (0 events):
No events

Deoptimization events (0 events):
No events

Internal exceptions (0 events):
No events

Events (10 events):
Event: 0.155 loading class 0x0164ce60 done
Event: 0.155 loading class 0x0164c8f0 done
Event: 0.155 loading class 0x0164c8d0
Event: 0.155 loading class 0x01653c40
Event: 0.156 loading class 0x01653c40 done
Event: 0.156 loading class 0x01653c70
Event: 0.157 loading class 0x01653c70 done
Event: 0.157 loading class 0x01653ca0
Event: 0.157 loading class 0x01653ca0 done
Event: 0.157 loading class 0x0164c8d0 done


Dynamic libraries:
0x01320000 - 0x0134f000 	C:\Program Files\Java\jdk1.7.0_60\bin\javaw.exe
0x77930000 - 0x77a6c000 	C:\Windows\SYSTEM32\ntdll.dll
0x76510000 - 0x765e4000 	C:\Windows\system32\kernel32.dll
0x75aa0000 - 0x75aeb000 	C:\Windows\system32\KERNELBASE.dll
0x76470000 - 0x76510000 	C:\Windows\system32\ADVAPI32.dll
0x77240000 - 0x772ec000 	C:\Windows\system32\msvcrt.dll
0x77ab0000 - 0x77ac9000 	C:\Windows\SYSTEM32\sechost.dll
0x77880000 - 0x77922000 	C:\Windows\system32\RPCRT4.dll
0x76330000 - 0x763f9000 	C:\Windows\system32\USER32.dll
0x77330000 - 0x7737e000 	C:\Windows\system32\GDI32.dll
0x77380000 - 0x7738a000 	C:\Windows\system32\LPK.dll
0x775d0000 - 0x7766d000 	C:\Windows\system32\USP10.dll
0x74480000 - 0x7461e000 	C:\Windows\WinSxS\x86_microsoft.windows.common-controls_6595b64144ccf1df_6.0.7601.17514_none_41e6975e2bd6f2b2\COMCTL32.dll
0x776c0000 - 0x77717000 	C:\Windows\system32\SHLWAPI.dll
0x760b0000 - 0x760cf000 	C:\Windows\system32\IMM32.DLL
0x75df0000 - 0x75ebc000 	C:\Windows\system32\MSCTF.dll
0x659f0000 - 0x65aaf000 	C:\Program Files\Java\jdk1.7.0_60\jre\bin\msvcr100.dll
0x62280000 - 0x62608000 	C:\Program Files\Java\jdk1.7.0_60\jre\bin\client\jvm.dll
0x71c70000 - 0x71c77000 	C:\Windows\system32\WSOCK32.dll
0x772f0000 - 0x77325000 	C:\Windows\system32\WS2_32.dll
0x760a0000 - 0x760a6000 	C:\Windows\system32\NSI.dll
0x73e70000 - 0x73ea2000 	C:\Windows\system32\WINMM.dll
0x76460000 - 0x76465000 	C:\Windows\system32\PSAPI.DLL
0x65980000 - 0x6598c000 	C:\Program Files\Java\jdk1.7.0_60\jre\bin\verify.dll
0x65960000 - 0x65980000 	C:\Program Files\Java\jdk1.7.0_60\jre\bin\java.dll
0x659c0000 - 0x659ea000 	C:\Program Files\Java\jdk1.7.0_60\jre\bin\jdwp.dll
0x6f400000 - 0x6f407000 	C:\Program Files\Java\jdk1.7.0_60\jre\bin\npt.dll
0x63e50000 - 0x63e63000 	C:\Program Files\Java\jdk1.7.0_60\jre\bin\zip.dll
0x73c50000 - 0x73d3b000 	C:\Windows\system32\dbghelp.dll

VM Arguments:
jvm_args: -agentlib:jdwp=transport=dt_socket,suspend=y,address=localhost:1231 -Dfile.encoding=UTF-8 -Xbootclasspath:C:\sts-bundle\Android-SDK\platforms\android-19\android.jar 
java_command: com.dev.nuriapp.DataSource
Launcher Type: SUN_STANDARD

Environment Variables:
JAVA_HOME=C:\Program Files\Java\jdk1.7.0_60
CLASSPATH=C:\Program Files\IBM\WebSphere MQ\java\lib\com.ibm.mqjms.jar;C:\Program Files\IBM\WebSphere MQ\java\lib\com.ibm.mq.jar;C:\Program Files\Java\jdk1.7.0_60\bin
PATH=C:\Program Files\Java\jdk1.7.0_60\jre\bin;C:/Program Files/Java/jdk1.7.0_60/Bin/../jre/bin/client;C:/Program Files/Java/jdk1.7.0_60/Bin/../jre/bin;C:/Program Files/Java/jdk1.7.0_60/Bin/../jre/lib/i386;C:\Program Files\Wizvera\Delfino;C:\Program Files\Java\jdk1.6.0_22\Bin;C:\Program Files\IBM\WebSphere MQ\java\lib;C:\Program Files\Java\jdk1.7.0_60\Bin;C:\app\WRJO\product\11.2.0\dbhome_1\bin;C:\Windows\system32;C:\Windows;C:\Windows\System32\Wbem;C:\Windows\System32\WindowsPowerShell\v1.0\;C:\Program Files\Java\jdk1.7.0_60\bin;C:\Program Files\Microsoft SQL Server\90\Tools\binn\;C:\Program Files\IBM\WebSphere MQ\bin;C:\Program Files\MySQL\MySQL Enterprise Backup 3.11\;C:\Program Files\MySQL\MySQL Fabric 1.5.2 & MySQL Utilities 1.5.2 1.5\;C:\Program Files\MySQL\MySQL Fabric 1.5.2 & MySQL Utilities 1.5.2 1.5\Doctrine extensions for PHP\;C:\sts-bundle\Android-SDK\platform-tools;C:\Program Files\Java\jdk1.7.0_60\Bin;C:\Program Files\Bandizip\7z;C:\Eclipse\eclipse;
USERNAME=WRJO
OS=Windows_NT
PROCESSOR_IDENTIFIER=x86 Family 6 Model 15 Stepping 13, GenuineIntel



---------------  S Y S T E M  ---------------

OS: Windows 7 Build 7601 Service Pack 1

CPU:total 2 (2 cores per cpu, 1 threads per core) family 6 model 15 stepping 13, cmov, cx8, fxsr, mmx, sse, sse2, sse3, ssse3, tsc

Memory: 4k page, physical 3039264k(262216k free), swap 6076780k(2609384k free)

vm_info: Java HotSpot(TM) Client VM (24.60-b09) for windows-x86 JRE (1.7.0_60-b19), built on May  7 2014 13:09:52 by "java_re" with unknown MS VC++:1600

time: Thu Feb 12 09:43:00 2015
elapsed time: 0 seconds

